<?xml version="1.0" encoding="UTF-8"?>
<!-- Generated by org.testng.reporters.JUnitReportReporter -->
<testsuite hostname="DESKTOP-KB78P7G" failures="0" tests="2" name="Prasanna.TicketBookingWebsite.HomePageTest" time="79.871" errors="0" timestamp="2024-01-26T12:47:58 IST" skipped="0">
  <testcase classname="Prasanna.TicketBookingWebsite.HomePageTest" name="testcase1" time="36.762"/>
  <system-out/>
  <testcase classname="Prasanna.TicketBookingWebsite.HomePageTest" name="testcase1" time="43.109"/>
  <system-out/>
</testsuite> <!-- Prasanna.TicketBookingWebsite.HomePageTest -->
