<?xml version="1.0" encoding="UTF-8"?>
<!-- Generated by org.testng.reporters.JUnitReportReporter -->
<testsuite hostname="Lenovo" failures="0" tests="3" name="Prasanna.TicketBookingWebsite.HomePageTest" time="22.545" errors="0" timestamp="2024-01-21T18:21:55 IST" skipped="0">
  <testcase classname="Prasanna.TicketBookingWebsite.HomePageTest" name="testcase1" time="13.840"/>
  <system-out/>
  <testcase classname="Prasanna.TicketBookingWebsite.HomePageTest" name="testcase2" time="8.365"/>
  <system-out/>
  <testcase classname="Prasanna.TicketBookingWebsite.HomePageTest" name="testcase3" time="0.340"/>
  <system-out/>
</testsuite> <!-- Prasanna.TicketBookingWebsite.HomePageTest -->
